[16:20:16.837] [INFO] Storybook upgrade - v10.3.5
[16:20:16.848] [INFO] detect-projects-spinner-start: Detecting projects...
[16:20:16.852] [DEBUG] Finding Storybook projects...
[16:20:17.644] [DEBUG] Found 1 Storybook projects
[16:20:17.649] [INFO] detect-projects-spinner: Detecting projects: 1 projects
[16:20:17.649] [DEBUG] Getting Storybook data...
[16:20:17.649] [DEBUG] Getting Storybook info...
[16:20:18.360] [DEBUG] Loading main config...
[16:20:18.360] [DEBUG] Getting stories paths...
[16:20:18.511] [DEBUG] Getting package manager...
[16:20:19.944] [DEBUG] Getting package.json info for C:/Users/Maytê/Documents/Maytê/Estudos/boilerplate-apps-router/package.json...
[16:20:19.944] [DEBUG] Getting Storybook version...
[16:20:19.945] [DEBUG] Detecting CSF factory usage...
[16:20:19.986] [DEBUG] C:/Users/Maytê/Documents/Maytê/Estudos/boilerplate-apps-router/.storybook - Validating before version... 10.3.5
[16:20:19.986] [DEBUG] C:/Users/Maytê/Documents/Maytê/Estudos/boilerplate-apps-router/.storybook - Validating upgrade compatibility...
[16:20:19.987] [DEBUG] C:/Users/Maytê/Documents/Maytê/Estudos/boilerplate-apps-router/.storybook - Fetching NPM version information...
[16:20:19.987] [DEBUG] Getting CLI versions from NPM for storybook...
[16:20:19.987] [DEBUG] Executing command: npm info storybook version
[16:20:20.040] [DEBUG] Getting CLI versions from NPM for storybook@next...
[16:20:20.040] [DEBUG] Executing command: npm info storybook@next version
[16:20:23.073] [DEBUG] C:/Users/Maytê/Documents/Maytê/Estudos/boilerplate-apps-router/.storybook - Evaluating blockers...
[16:20:23.142] [DEBUG] Getting installed version for @storybook/experimental-addon-test...
[16:20:23.143] [DEBUG] Executing command: npm ls --json --depth=99 2>NUL
[16:20:26.517] [DEBUG] Executing command: npm ls --json --depth=0 2>NUL
[16:20:29.650] [DEBUG] Error finding installations for @storybook/experimental-addon-test: ExecaError: Command failed with exit code 1: npm.cmd ls --json "--depth=0" "2>NUL"

npm error code EINVALIDTAGNAME
npm error Invalid tag name "2>NUL" of package "2>NUL": Tags may not have any characters that encodeURIComponent encodes.
npm error A complete log of this run can be found in: C:\Users\Maytê\AppData\Local\npm-cache\_logs\2026-04-23T19_20_27_290Z-debug-0.log

{
  "error": {
    "code": "EINVALIDTAGNAME",
    "summary": "Invalid tag name \"2>NUL\" of package \"2>NUL\": Tags may not have any characters that encodeURIComponent encodes.",
    "detail": ""
  }
}
[16:20:29.650] [DEBUG] No installations found for @storybook/experimental-addon-test
[16:20:29.651] [INFO] detect-projects-spinner-stop: 1 project detected
[16:20:29.658] [DEBUG] Found 1 valid projects and 0 error projects
[16:20:29.658] [INFO] Upgrading from [1m10.3.5[22m to [1m10.3.5[22m
[16:20:29.661] [INFO] upgrade-dependencies-task-start: Fetching versions to update package.json files..
[16:20:29.661] [DEBUG] Updating dependencies in C:/Users/Maytê/Documents/Maytê/Estudos/boilerplate-apps-router/.storybook...
[16:20:29.662] [INFO] upgrade-dependencies-task: C:/Users/Maytê/Documents/Maytê/Estudos/boilerplate-apps-router/package.json
[16:20:29.663] [DEBUG] Using cached package.json for C:\Users\Maytê\Documents\Maytê\Estudos\boilerplate-apps-router\package.json...
[16:20:29.663] [DEBUG] {
  "upgradedDependencies": []
}
[16:20:29.663] [DEBUG] {
  "upgradedDevDependencies": [
    "@storybook/addon-vitest@^10.3.5",
    "@storybook/nextjs-vite@^10.3.5"
  ]
}
[16:20:29.663] [DEBUG] {
  "upgradedPeerDependencies": []
}
[16:20:29.663] [DEBUG] Getting package.json info for C:/Users/Maytê/Documents/Maytê/Estudos/boilerplate-apps-router/package.json...
[16:20:29.664] [DEBUG] Using cached package.json for C:\Users\Maytê\Documents\Maytê\Estudos\boilerplate-apps-router\package.json...
[16:20:29.664] [DEBUG] Using cached package.json for C:\Users\Maytê\Documents\Maytê\Estudos\boilerplate-apps-router\package.json...
[16:20:29.665] [DEBUG] Getting package.json info for C:/Users/Maytê/Documents/Maytê/Estudos/boilerplate-apps-router/package.json...
[16:20:29.665] [DEBUG] Using cached package.json for C:\Users\Maytê\Documents\Maytê\Estudos\boilerplate-apps-router\package.json...
[16:20:29.665] [DEBUG] Getting CLI versions from NPM for @storybook/addon-vitest...
[16:20:29.665] [DEBUG] Executing command: npm info @storybook/addon-vitest version
[16:20:32.300] [DEBUG] Getting CLI versions from NPM for @storybook/nextjs-vite...
[16:20:32.300] [DEBUG] Executing command: npm info @storybook/nextjs-vite version
[16:20:34.172] [DEBUG] Using cached package.json for C:\Users\Maytê\Documents\Maytê\Estudos\boilerplate-apps-router\package.json...
[16:20:34.172] [DEBUG] Getting package.json info for C:/Users/Maytê/Documents/Maytê/Estudos/boilerplate-apps-router/package.json...
[16:20:34.172] [DEBUG] Using cached package.json for C:\Users\Maytê\Documents\Maytê\Estudos\boilerplate-apps-router\package.json...
[16:20:34.172] [DEBUG] Using cached package.json for C:\Users\Maytê\Documents\Maytê\Estudos\boilerplate-apps-router\package.json...
[16:20:34.173] [INFO] upgrade-dependencies-task-success: Updated package versions in package.json files
[16:20:34.179] [INFO] detect-automigrations-task-start: Detecting automigrations...
[16:20:34.179] [DEBUG] Starting automigration collection across 1 projects and 19 fixes...
[16:20:34.180] [INFO] detect-automigrations-task: Checking automigrations for
C:/Users/Maytê/Documents/Maytê/Estudos/boilerplate-apps-router/.storybook...
[16:20:34.180] [DEBUG] Processing project: C:/Users/Maytê/Documents/Maytê/Estudos/boilerplate-apps-router/.storybook
[16:20:34.180] [DEBUG] Checking fix eslintPlugin for project C:/Users/Maytê/Documents/Maytê/Estudos/boilerplate-apps-router/.storybook...
[16:20:34.181] [DEBUG] Using cached package.json for C:\Users\Maytê\Documents\Maytê\Estudos\boilerplate-apps-router\package.json...
[16:20:34.181] [DEBUG] Using cached package.json for C:\Users\Maytê\Documents\Maytê\Estudos\boilerplate-apps-router\package.json...
[16:20:34.184] [DEBUG] Checking fix addon-mdx-gfm-remove for project C:/Users/Maytê/Documents/Maytê/Estudos/boilerplate-apps-router/.storybook...
[16:20:34.184] [DEBUG] Using cached package.json for C:\Users\Maytê\Documents\Maytê\Estudos\boilerplate-apps-router\package.json...
[16:20:34.184] [DEBUG] Checking fix addon-storysource-code-panel for project C:/Users/Maytê/Documents/Maytê/Estudos/boilerplate-apps-router/.storybook...
[16:20:34.185] [DEBUG] Checking fix upgrade-storybook-related-dependencies for project C:/Users/Maytê/Documents/Maytê/Estudos/boilerplate-apps-router/.storybook...
[16:20:34.185] [DEBUG] Checking for incompatible storybook packages...
[16:20:34.185] [DEBUG] Using cached package.json for C:\Users\Maytê\Documents\Maytê\Estudos\boilerplate-apps-router\package.json...
[16:20:34.185] [DEBUG] Using cached package.json for C:\Users\Maytê\Documents\Maytê\Estudos\boilerplate-apps-router\package.json...
[16:20:34.185] [DEBUG] Checking fix initial-globals for project C:/Users/Maytê/Documents/Maytê/Estudos/boilerplate-apps-router/.storybook...
[16:20:34.192] [DEBUG] Checking fix addon-globals-api for project C:/Users/Maytê/Documents/Maytê/Estudos/boilerplate-apps-router/.storybook...
[16:20:34.198] [DEBUG] Checking fix addon-a11y-addon-test for project C:/Users/Maytê/Documents/Maytê/Estudos/boilerplate-apps-router/.storybook...
[16:20:34.203] [DEBUG] Checking fix consolidated-imports for project C:/Users/Maytê/Documents/Maytê/Estudos/boilerplate-apps-router/.storybook...
[16:20:34.205] [DEBUG] Checking fix addon-experimental-test for project C:/Users/Maytê/Documents/Maytê/Estudos/boilerplate-apps-router/.storybook...
[16:20:34.205] [DEBUG] Using cached installed version for @storybook/experimental-addon-test...
[16:20:34.205] [DEBUG] Checking fix rnstorybook-config for project C:/Users/Maytê/Documents/Maytê/Estudos/boilerplate-apps-router/.storybook...
[16:20:34.206] [DEBUG] Using cached package.json for C:\Users\Maytê\Documents\Maytê\Estudos\boilerplate-apps-router\package.json...
[16:20:34.206] [DEBUG] Checking fix migrate-addon-console for project C:/Users/Maytê/Documents/Maytê/Estudos/boilerplate-apps-router/.storybook...
[16:20:34.207] [DEBUG] Using cached package.json for C:\Users\Maytê\Documents\Maytê\Estudos\boilerplate-apps-router\package.json...
[16:20:34.207] [DEBUG] Checking fix nextjs-to-nextjs-vite for project C:/Users/Maytê/Documents/Maytê/Estudos/boilerplate-apps-router/.storybook...
[16:20:34.207] [DEBUG] Using cached package.json for C:\Users\Maytê\Documents\Maytê\Estudos\boilerplate-apps-router\package.json...
[16:20:34.207] [DEBUG] Checking fix remove-addon-interactions for project C:/Users/Maytê/Documents/Maytê/Estudos/boilerplate-apps-router/.storybook...
[16:20:34.207] [DEBUG] Using cached package.json for C:\Users\Maytê\Documents\Maytê\Estudos\boilerplate-apps-router\package.json...
[16:20:34.207] [DEBUG] Checking fix renderer-to-framework for project C:/Users/Maytê/Documents/Maytê/Estudos/boilerplate-apps-router/.storybook...
[16:20:34.209] [DEBUG] Checking fix remove-essential-addons for project C:/Users/Maytê/Documents/Maytê/Estudos/boilerplate-apps-router/.storybook...
[16:20:34.209] [DEBUG] Using cached package.json for C:\Users\Maytê\Documents\Maytê\Estudos\boilerplate-apps-router\package.json...
[16:20:34.209] [DEBUG] Checking fix addon-a11y-parameters for project C:/Users/Maytê/Documents/Maytê/Estudos/boilerplate-apps-router/.storybook...
[16:20:34.211] [DEBUG] Checking fix remove-docs-autodocs for project C:/Users/Maytê/Documents/Maytê/Estudos/boilerplate-apps-router/.storybook...
[16:20:34.215] [DEBUG] Checking fix wrap-getAbsolutePath for project C:/Users/Maytê/Documents/Maytê/Estudos/boilerplate-apps-router/.storybook...
[16:20:34.220] [DEBUG] Checking fix fix-faux-esm-require for project C:/Users/Maytê/Documents/Maytê/Estudos/boilerplate-apps-router/.storybook...
[16:20:34.222] [INFO] detect-automigrations-task: 
Automigrations detected:
[16:20:34.225] [INFO] detect-automigrations-task: [32m[32m✔[32m eslintPlugin[39m
[16:20:34.226] [INFO] detect-automigrations-task: [32m[32m✔[32m addon-a11y-addon-test[39m
[16:20:34.227] [INFO] detect-automigrations-task-success: 2 automigration(s) detected
[16:25:29.786] [PROMPT] Select automigrations to run {"choice":["eslintPlugin","addon-a11y-addon-test"]}
[16:25:29.787] [INFO] automigrate-C:/Users/Maytê/Documents/Maytê/Estudos/boilerplate-apps-router/.storybook-task-start: Running automigrations for C:/Users/Maytê/Documents/Maytê/Estudos/boilerplate-apps-router/.storybook
[16:25:29.787] [DEBUG] Adding dependencies: eslint-plugin-storybook@10.3.5
[16:25:29.787] [DEBUG] Using cached package.json for C:\Users\Maytê\Documents\Maytê\Estudos\boilerplate-apps-router\package.json...
[16:25:29.787] [DEBUG] Getting CLI versions from NPM for eslint-plugin-storybook...
[16:25:29.787] [DEBUG] Executing command: npm info eslint-plugin-storybook version
[16:25:31.658] [DEBUG] Using cached package.json for C:\Users\Maytê\Documents\Maytê\Estudos\boilerplate-apps-router\package.json...
[16:25:31.659] [DEBUG] Detected flat config at C:\Users\Maytê\Documents\Maytê\Estudos\boilerplate-apps-router\eslint.config.mjs
[16:25:31.687] [INFO] automigrate-C:/Users/Maytê/Documents/Maytê/Estudos/boilerplate-apps-router/.storybook-task: [32m[32m✔[32m eslintPlugin[39m
[16:25:31.688] [INFO] automigrate-C:/Users/Maytê/Documents/Maytê/Estudos/boilerplate-apps-router/.storybook-task: [32m[32m✔[32m addon-a11y-addon-test[39m
[16:25:31.689] [INFO] automigrate-C:/Users/Maytê/Documents/Maytê/Estudos/boilerplate-apps-router/.storybook-task-success: Completed automigrations for C:/Users/Maytê/Documents/Maytê/Estudos/boilerplate-apps-router/.storybook
[16:25:31.690] [INFO] Installing dependencies...
[16:25:31.690] [INFO] install-dependencies-spinner-start: Installing dependencies...
[16:25:31.691] [DEBUG] Executing command: npm install --force
[16:25:39.788] [INFO] Installing dependencies...: 
> boilerplate-apps-router@0.1.0 prepare
> husky


[16:25:39.788] [INFO] install-dependencies-spinner: Installing dependencies...: > boilerplate-apps-router
[16:25:40.241] [INFO] Installing dependencies...: 
added 1 package, and audited 1011 packages in 8s

[16:25:40.241] [INFO] install-dependencies-spinner: Installing dependencies...: added 1 package, and audi
[16:25:40.241] [INFO] Installing dependencies...: 

[16:25:40.241] [INFO] install-dependencies-spinner: Installing dependencies...: 
[16:25:40.241] [INFO] Installing dependencies...: 301 packages are looking for funding
  run `npm fund` for details

[16:25:40.241] [INFO] install-dependencies-spinner: Installing dependencies...: 301 packages are looking 
[16:25:40.247] [INFO] Installing dependencies...: 
found 0 vulnerabilities

[16:25:40.247] [INFO] install-dependencies-spinner: Installing dependencies...: found 0 vulnerabilities
[16:25:40.331] [INFO] Dependencies installed
[16:25:40.331] [INFO] install-dependencies-spinner-stop: Dependencies installed
[16:25:40.357] [INFO] Checking the health of your project(s)..
[16:25:40.364] [DEBUG] Using cached package.json for C:\Users\Maytê\Documents\Maytê\Estudos\boilerplate-apps-router\package.json...
[16:25:40.364] [DEBUG] Executing command: npm ls --json --depth=99 2>NUL
[16:25:44.743] [DEBUG] Executing command: npm ls --json --depth=0 2>NUL
[16:25:47.997] [DEBUG] Error finding installations for @storybook/*, storybook: ExecaError: Command failed with exit code 1: npm.cmd ls --json "--depth=0" "2>NUL"

npm error code EINVALIDTAGNAME
npm error Invalid tag name "2>NUL" of package "2>NUL": Tags may not have any characters that encodeURIComponent encodes.
npm error A complete log of this run can be found in: C:\Users\Maytê\AppData\Local\npm-cache\_logs\2026-04-23T19_25_45_506Z-debug-0.log

{
  "error": {
    "code": "EINVALIDTAGNAME",
    "summary": "Invalid tag name \"2>NUL\" of package \"2>NUL\": Tags may not have any characters that encodeURIComponent encodes.",
    "detail": ""
  }
}
[16:25:47.998] [WARN] C:/Users/Maytê/Documents/Maytê/Estudos/boilerplate-apps-router/.storybook: 1 issue found
[16:25:48.000] [INFO] The "storybook" package was not found in your package.json.
Installing "storybook" as a direct dev dependency in your package.json is required.
[16:25:48.001] [INFO] Storybook doctor is complete!
[16:25:48.002] [INFO] You can always recheck the health of your project(s) by running:
[36mnpx storybook doctor[39m
[16:25:48.005] [INFO] [33mYour project(s) have been upgraded successfully, but some issues were found which need your attention, please check Storybook doctor logs above.[39m
[16:25:48.010] [INFO] If you want to learn more about the automigrations that executed in your project(s), please check the following links:
• ]8;;https://storybook.js.org/docs/configure/integration/eslint-plugineslintPlugin]8;;
• ]8;;https://storybook.js.org/docs/writing-tests/accessibility-testing#with-the-vitest-addonaddon-a11y-addon-test]8;;
[16:25:48.013] [INFO] For a full list of changes, please check our migration guide: [36mhttps://storybook.js.org/docs/releases/migration-guide?ref=upgrade[39m
[16:25:49.427] [INFO] Storybook upgrade completed!